mode: set
github.com/marcoshack/netmonitor/internal/network/http.go:18.41,20.2 1 0
github.com/marcoshack/netmonitor/internal/network/http.go:23.54,24.26 1 0
github.com/marcoshack/netmonitor/internal/network/http.go:24.26,26.3 1 0
github.com/marcoshack/netmonitor/internal/network/http.go:28.2,28.25 1 0
github.com/marcoshack/netmonitor/internal/network/http.go:28.25,30.3 1 0
github.com/marcoshack/netmonitor/internal/network/http.go:33.2,33.26 1 0
github.com/marcoshack/netmonitor/internal/network/http.go:33.26,35.10 2 0
github.com/marcoshack/netmonitor/internal/network/http.go:35.10,37.4 1 0
github.com/marcoshack/netmonitor/internal/network/http.go:39.3,39.152 1 0
github.com/marcoshack/netmonitor/internal/network/http.go:39.152,41.4 1 0
github.com/marcoshack/netmonitor/internal/network/http.go:44.2,44.12 1 0
github.com/marcoshack/netmonitor/internal/network/http.go:48.89,52.43 2 0
github.com/marcoshack/netmonitor/internal/network/http.go:52.43,59.3 1 0
github.com/marcoshack/netmonitor/internal/network/http.go:62.2,69.26 2 0
github.com/marcoshack/netmonitor/internal/network/http.go:69.26,70.49 1 0
github.com/marcoshack/netmonitor/internal/network/http.go:70.49,72.31 2 0
github.com/marcoshack/netmonitor/internal/network/http.go:72.31,74.5 1 0
github.com/marcoshack/netmonitor/internal/network/http.go:75.4,75.33 1 0
github.com/marcoshack/netmonitor/internal/network/http.go:75.33,77.5 1 0
github.com/marcoshack/netmonitor/internal/network/http.go:83.2,95.44 10 0
github.com/marcoshack/netmonitor/internal/network/http.go:95.44,97.4 1 0
github.com/marcoshack/netmonitor/internal/network/http.go:98.42,100.4 1 0
github.com/marcoshack/netmonitor/internal/network/http.go:101.35,103.4 1 0
github.com/marcoshack/netmonitor/internal/network/http.go:104.43,106.4 1 0
github.com/marcoshack/netmonitor/internal/network/http.go:107.29,109.4 1 0
github.com/marcoshack/netmonitor/internal/network/http.go:110.58,112.4 1 0
github.com/marcoshack/netmonitor/internal/network/http.go:113.52,115.4 1 0
github.com/marcoshack/netmonitor/internal/network/http.go:116.32,118.4 1 0
github.com/marcoshack/netmonitor/internal/network/http.go:122.2,135.33 3 0
github.com/marcoshack/netmonitor/internal/network/http.go:135.33,136.77 1 0
github.com/marcoshack/netmonitor/internal/network/http.go:136.77,138.4 1 0
github.com/marcoshack/netmonitor/internal/network/http.go:142.2,143.16 2 0
github.com/marcoshack/netmonitor/internal/network/http.go:143.16,150.3 1 0
github.com/marcoshack/netmonitor/internal/network/http.go:153.2,156.45 2 0
github.com/marcoshack/netmonitor/internal/network/http.go:156.45,158.3 1 0
github.com/marcoshack/netmonitor/internal/network/http.go:161.2,162.16 2 0
github.com/marcoshack/netmonitor/internal/network/http.go:162.16,165.77 1 0
github.com/marcoshack/netmonitor/internal/network/http.go:165.77,173.4 1 0
github.com/marcoshack/netmonitor/internal/network/http.go:175.3,176.115 2 0
github.com/marcoshack/netmonitor/internal/network/http.go:176.115,184.4 1 0
github.com/marcoshack/netmonitor/internal/network/http.go:185.3,191.9 1 0
github.com/marcoshack/netmonitor/internal/network/http.go:193.2,197.16 3 0
github.com/marcoshack/netmonitor/internal/network/http.go:197.16,205.3 1 0
github.com/marcoshack/netmonitor/internal/network/http.go:208.2,221.25 4 0
github.com/marcoshack/netmonitor/internal/network/http.go:221.25,223.54 1 0
github.com/marcoshack/netmonitor/internal/network/http.go:223.54,225.4 1 0
github.com/marcoshack/netmonitor/internal/network/http.go:225.9,228.4 2 0
github.com/marcoshack/netmonitor/internal/network/http.go:229.8,231.40 1 0
github.com/marcoshack/netmonitor/internal/network/http.go:231.40,233.4 1 0
github.com/marcoshack/netmonitor/internal/network/http.go:233.9,236.4 2 0
github.com/marcoshack/netmonitor/internal/network/http.go:239.2,239.20 1 0
github.com/marcoshack/netmonitor/internal/network/http.go:244.109,251.2 1 0
github.com/marcoshack/netmonitor/internal/network/icmp.go:15.41,17.2 1 0
github.com/marcoshack/netmonitor/internal/network/icmp.go:20.54,21.26 1 0
github.com/marcoshack/netmonitor/internal/network/icmp.go:21.26,23.3 1 0
github.com/marcoshack/netmonitor/internal/network/icmp.go:25.2,25.25 1 0
github.com/marcoshack/netmonitor/internal/network/icmp.go:25.25,27.3 1 0
github.com/marcoshack/netmonitor/internal/network/icmp.go:30.2,30.26 1 0
github.com/marcoshack/netmonitor/internal/network/icmp.go:30.26,32.10 2 0
github.com/marcoshack/netmonitor/internal/network/icmp.go:32.10,34.4 1 0
github.com/marcoshack/netmonitor/internal/network/icmp.go:36.3,36.27 1 0
github.com/marcoshack/netmonitor/internal/network/icmp.go:36.27,38.4 1 0
github.com/marcoshack/netmonitor/internal/network/icmp.go:40.3,40.65 1 0
github.com/marcoshack/netmonitor/internal/network/icmp.go:40.65,42.4 1 0
github.com/marcoshack/netmonitor/internal/network/icmp.go:44.3,44.49 1 0
github.com/marcoshack/netmonitor/internal/network/icmp.go:44.49,46.4 1 0
github.com/marcoshack/netmonitor/internal/network/icmp.go:49.2,49.12 1 0
github.com/marcoshack/netmonitor/internal/network/icmp.go:53.89,57.43 2 0
github.com/marcoshack/netmonitor/internal/network/icmp.go:57.43,64.3 1 0
github.com/marcoshack/netmonitor/internal/network/icmp.go:67.2,73.26 2 0
github.com/marcoshack/netmonitor/internal/network/icmp.go:73.26,74.49 1 0
github.com/marcoshack/netmonitor/internal/network/icmp.go:74.49,76.4 1 0
github.com/marcoshack/netmonitor/internal/network/icmp.go:80.2,81.16 2 0
github.com/marcoshack/netmonitor/internal/network/icmp.go:81.16,88.3 1 0
github.com/marcoshack/netmonitor/internal/network/icmp.go:93.2,97.27 3 0
github.com/marcoshack/netmonitor/internal/network/icmp.go:97.27,99.3 1 0
github.com/marcoshack/netmonitor/internal/network/icmp.go:100.2,104.41 3 0
github.com/marcoshack/netmonitor/internal/network/icmp.go:104.41,111.3 1 0
github.com/marcoshack/netmonitor/internal/network/icmp.go:114.2,123.16 4 0
github.com/marcoshack/netmonitor/internal/network/icmp.go:123.16,124.44 1 0
github.com/marcoshack/netmonitor/internal/network/icmp.go:124.44,127.4 2 0
github.com/marcoshack/netmonitor/internal/network/icmp.go:127.9,130.4 2 0
github.com/marcoshack/netmonitor/internal/network/icmp.go:131.3,132.21 2 0
github.com/marcoshack/netmonitor/internal/network/icmp.go:136.2,136.28 1 0
github.com/marcoshack/netmonitor/internal/network/icmp.go:136.28,141.3 4 0
github.com/marcoshack/netmonitor/internal/network/icmp.go:143.2,145.20 3 0
github.com/marcoshack/netmonitor/internal/network/tcp.go:16.40,18.2 1 0
github.com/marcoshack/netmonitor/internal/network/tcp.go:21.53,22.26 1 0
github.com/marcoshack/netmonitor/internal/network/tcp.go:22.26,24.3 1 0
github.com/marcoshack/netmonitor/internal/network/tcp.go:26.2,26.25 1 0
github.com/marcoshack/netmonitor/internal/network/tcp.go:26.25,28.3 1 0
github.com/marcoshack/netmonitor/internal/network/tcp.go:31.2,32.16 2 0
github.com/marcoshack/netmonitor/internal/network/tcp.go:32.16,34.3 1 0
github.com/marcoshack/netmonitor/internal/network/tcp.go:37.2,37.16 1 0
github.com/marcoshack/netmonitor/internal/network/tcp.go:37.16,39.3 1 0
github.com/marcoshack/netmonitor/internal/network/tcp.go:42.2,43.16 2 0
github.com/marcoshack/netmonitor/internal/network/tcp.go:43.16,45.3 1 0
github.com/marcoshack/netmonitor/internal/network/tcp.go:47.2,47.30 1 0
github.com/marcoshack/netmonitor/internal/network/tcp.go:47.30,49.3 1 0
github.com/marcoshack/netmonitor/internal/network/tcp.go:52.2,52.26 1 0
github.com/marcoshack/netmonitor/internal/network/tcp.go:52.26,54.10 2 0
github.com/marcoshack/netmonitor/internal/network/tcp.go:54.10,56.4 1 0
github.com/marcoshack/netmonitor/internal/network/tcp.go:59.3,59.52 1 0
github.com/marcoshack/netmonitor/internal/network/tcp.go:59.52,61.4 1 0
github.com/marcoshack/netmonitor/internal/network/tcp.go:64.2,64.12 1 0
github.com/marcoshack/netmonitor/internal/network/tcp.go:68.88,72.43 2 0
github.com/marcoshack/netmonitor/internal/network/tcp.go:72.43,79.3 1 0
github.com/marcoshack/netmonitor/internal/network/tcp.go:82.2,85.26 2 0
github.com/marcoshack/netmonitor/internal/network/tcp.go:85.26,86.48 1 0
github.com/marcoshack/netmonitor/internal/network/tcp.go:86.48,88.4 1 0
github.com/marcoshack/netmonitor/internal/network/tcp.go:92.2,101.16 4 0
github.com/marcoshack/netmonitor/internal/network/tcp.go:101.16,103.77 1 0
github.com/marcoshack/netmonitor/internal/network/tcp.go:103.77,111.4 1 0
github.com/marcoshack/netmonitor/internal/network/tcp.go:114.3,115.91 2 0
github.com/marcoshack/netmonitor/internal/network/tcp.go:115.91,123.4 1 0
github.com/marcoshack/netmonitor/internal/network/tcp.go:125.3,125.101 1 0
github.com/marcoshack/netmonitor/internal/network/tcp.go:125.101,134.4 1 0
github.com/marcoshack/netmonitor/internal/network/tcp.go:136.3,136.105 1 0
github.com/marcoshack/netmonitor/internal/network/tcp.go:136.105,145.4 1 0
github.com/marcoshack/netmonitor/internal/network/tcp.go:147.3,154.9 1 0
github.com/marcoshack/netmonitor/internal/network/tcp.go:156.2,163.30 4 0
github.com/marcoshack/netmonitor/internal/network/tcp.go:163.30,165.79 1 0
github.com/marcoshack/netmonitor/internal/network/tcp.go:165.79,174.4 1 0
github.com/marcoshack/netmonitor/internal/network/tcp.go:177.3,178.17 2 0
github.com/marcoshack/netmonitor/internal/network/tcp.go:178.17,187.4 1 0
github.com/marcoshack/netmonitor/internal/network/tcp.go:190.3,190.31 1 0
github.com/marcoshack/netmonitor/internal/network/tcp.go:190.31,192.79 1 0
github.com/marcoshack/netmonitor/internal/network/tcp.go:192.79,201.5 1 0
github.com/marcoshack/netmonitor/internal/network/tcp.go:204.4,206.18 3 0
github.com/marcoshack/netmonitor/internal/network/tcp.go:206.18,215.5 1 0
github.com/marcoshack/netmonitor/internal/network/tcp.go:217.4,220.36 2 0
github.com/marcoshack/netmonitor/internal/network/tcp.go:220.36,222.63 2 0
github.com/marcoshack/netmonitor/internal/network/tcp.go:222.63,232.6 1 0
github.com/marcoshack/netmonitor/internal/network/tcp.go:238.2,245.8 1 0
github.com/marcoshack/netmonitor/internal/network/udp.go:16.40,18.2 1 1
github.com/marcoshack/netmonitor/internal/network/udp.go:21.53,22.26 1 1
github.com/marcoshack/netmonitor/internal/network/udp.go:22.26,24.3 1 1
github.com/marcoshack/netmonitor/internal/network/udp.go:26.2,26.25 1 1
github.com/marcoshack/netmonitor/internal/network/udp.go:26.25,28.3 1 1
github.com/marcoshack/netmonitor/internal/network/udp.go:31.2,32.16 2 1
github.com/marcoshack/netmonitor/internal/network/udp.go:32.16,34.3 1 1
github.com/marcoshack/netmonitor/internal/network/udp.go:37.2,37.16 1 1
github.com/marcoshack/netmonitor/internal/network/udp.go:37.16,39.3 1 0
github.com/marcoshack/netmonitor/internal/network/udp.go:42.2,43.16 2 1
github.com/marcoshack/netmonitor/internal/network/udp.go:43.16,45.3 1 1
github.com/marcoshack/netmonitor/internal/network/udp.go:47.2,47.30 1 1
github.com/marcoshack/netmonitor/internal/network/udp.go:47.30,49.3 1 1
github.com/marcoshack/netmonitor/internal/network/udp.go:52.2,52.26 1 1
github.com/marcoshack/netmonitor/internal/network/udp.go:52.26,54.10 2 1
github.com/marcoshack/netmonitor/internal/network/udp.go:54.10,56.4 1 1
github.com/marcoshack/netmonitor/internal/network/udp.go:59.3,59.52 1 1
github.com/marcoshack/netmonitor/internal/network/udp.go:59.52,61.4 1 1
github.com/marcoshack/netmonitor/internal/network/udp.go:64.3,64.33 1 1
github.com/marcoshack/netmonitor/internal/network/udp.go:64.33,66.4 1 1
github.com/marcoshack/netmonitor/internal/network/udp.go:69.2,69.12 1 1
github.com/marcoshack/netmonitor/internal/network/udp.go:73.88,77.43 2 1
github.com/marcoshack/netmonitor/internal/network/udp.go:77.43,84.3 1 1
github.com/marcoshack/netmonitor/internal/network/udp.go:87.2,92.26 2 1
github.com/marcoshack/netmonitor/internal/network/udp.go:92.26,93.48 1 1
github.com/marcoshack/netmonitor/internal/network/udp.go:93.48,96.35 2 1
github.com/marcoshack/netmonitor/internal/network/udp.go:96.35,98.5 1 1
github.com/marcoshack/netmonitor/internal/network/udp.go:103.2,104.16 2 1
github.com/marcoshack/netmonitor/internal/network/udp.go:104.16,113.3 1 0
github.com/marcoshack/netmonitor/internal/network/udp.go:116.2,122.12 4 1
github.com/marcoshack/netmonitor/internal/network/udp.go:122.12,126.3 3 1
github.com/marcoshack/netmonitor/internal/network/udp.go:129.2,129.9 1 1
github.com/marcoshack/netmonitor/internal/network/udp.go:130.20,138.15 1 0
github.com/marcoshack/netmonitor/internal/network/udp.go:139.24,140.17 1 1
github.com/marcoshack/netmonitor/internal/network/udp.go:140.17,149.4 1 0
github.com/marcoshack/netmonitor/internal/network/udp.go:151.2,156.26 3 1
github.com/marcoshack/netmonitor/internal/network/udp.go:156.26,158.3 1 1
github.com/marcoshack/netmonitor/internal/network/udp.go:161.2,161.78 1 1
github.com/marcoshack/netmonitor/internal/network/udp.go:161.78,170.3 1 0
github.com/marcoshack/netmonitor/internal/network/udp.go:173.2,174.16 2 1
github.com/marcoshack/netmonitor/internal/network/udp.go:174.16,176.60 1 0
github.com/marcoshack/netmonitor/internal/network/udp.go:176.60,185.4 1 0
github.com/marcoshack/netmonitor/internal/network/udp.go:187.3,194.9 1 0
github.com/marcoshack/netmonitor/internal/network/udp.go:198.2,199.28 2 1
github.com/marcoshack/netmonitor/internal/network/udp.go:199.28,201.78 1 1
github.com/marcoshack/netmonitor/internal/network/udp.go:201.78,210.4 1 0
github.com/marcoshack/netmonitor/internal/network/udp.go:213.3,219.13 3 1
github.com/marcoshack/netmonitor/internal/network/udp.go:219.13,223.4 3 1
github.com/marcoshack/netmonitor/internal/network/udp.go:226.3,227.10 2 1
github.com/marcoshack/netmonitor/internal/network/udp.go:228.21,238.16 2 1
github.com/marcoshack/netmonitor/internal/network/udp.go:239.29,241.20 2 1
github.com/marcoshack/netmonitor/internal/network/udp.go:244.3,244.17 1 1
github.com/marcoshack/netmonitor/internal/network/udp.go:244.17,246.61 1 1
github.com/marcoshack/netmonitor/internal/network/udp.go:246.61,255.5 1 1
github.com/marcoshack/netmonitor/internal/network/udp.go:258.4,258.59 1 0
github.com/marcoshack/netmonitor/internal/network/udp.go:258.59,267.5 1 0
github.com/marcoshack/netmonitor/internal/network/udp.go:269.4,276.10 1 0
github.com/marcoshack/netmonitor/internal/network/udp.go:279.3,290.9 3 1
github.com/marcoshack/netmonitor/internal/network/udp.go:295.2,302.8 1 1
